00:57:58.231 [31mWARN [0;39m [36mtwigkit.ApplicationAlertSubscriber[0;39m - The license for Twigkit expires on: 30 Dec 2020 23:00:00 
01:57:59.320 [31mWARN [0;39m [36mtwigkit.ApplicationAlertSubscriber[0;39m - The license for Twigkit expires on: 30 Dec 2020 23:00:00 
02:58:00.400 [31mWARN [0;39m [36mtwigkit.ApplicationAlertSubscriber[0;39m - The license for Twigkit expires on: 30 Dec 2020 23:00:00 
03:57:58.950 [31mWARN [0;39m [36mtwigkit.ApplicationAlertSubscriber[0;39m - The license for Twigkit expires on: 30 Dec 2020 23:00:00 
04:58:00.057 [31mWARN [0;39m [36mtwigkit.ApplicationAlertSubscriber[0;39m - The license for Twigkit expires on: 30 Dec 2020 23:00:00 
05:57:58.598 [31mWARN [0;39m [36mtwigkit.ApplicationAlertSubscriber[0;39m - The license for Twigkit expires on: 30 Dec 2020 23:00:00 
06:57:59.760 [31mWARN [0;39m [36mtwigkit.ApplicationAlertSubscriber[0;39m - The license for Twigkit expires on: 30 Dec 2020 23:00:00 
07:52:15.912 [39mDEBUG[0;39m [36mtwigkit.search.solr.SolrQueryAdapter[0;39m - Mapped Solr Query [start=0&rows=10&hl=true&q=*:*&facet=true&fl=*,score&username=anonymous&session=8e24a901-6b22-4c8b-a8aa-afdec1755689&spellcheck=true&spellcheck.collate=true&qt=/&q.op=OR] 
07:52:15.914 [39mDEBUG[0;39m [36mtwigkit.search.solr.HttpSolrPlatform[0;39m - Returning HTTP client for http://localhost:8764/api/apollo/query/rh_catalog 
07:52:16.374 [39mDEBUG[0;39m [36mtwigkit.search.solr.SolrPlatform[0;39m - Searching Solr with start=0&rows=10&hl=true&q=*:*&facet=true&fl=*,score&username=anonymous&session=8e24a901-6b22-4c8b-a8aa-afdec1755689&spellcheck=true&spellcheck.collate=true&qt=/&q.op=OR took 461 ms 
07:52:16.383 [34mINFO [0;39m [36mt.a.p.AddRuntimeInformationProcessor[0;39m - Configuration property twigkit.app-id is missing - add this in order to track activity across multiple applications 
07:52:16.427 [39mTRACE[0;39m [36mt.m.s.f.FusionSignalsMessageProducer[0;39m - Posting signal [{"id":"609c3fe7-fd86-4a2a-8a3a-6d0869dae629","params":{"user_id":"anonymous","session":"8e24a901-6b22-4c8b-a8aa-afdec1755689","browser_type":"Browser","os_manufacturer":"Apple Inc.","ctx_prev_uri":"/","query_object":"twigkit.model.Query@1affbe51","referrer":"http://localhost:8080/","page":1,"query":"","time":459,"filter":[],"ip_address":"0:0:0:0:0:0:0:1","ctx_prev_query":"","os_name":"Mac OS X","host":"Sanket’s-MacBook-Pro","hits":7247135,"user_token":"anon_h1tqb7ulnfuk13o21u5vvi1qh","ctx_prev_path":"/","app_id":"twigkit","os_id":"778","browser_version":"70.0.3538.77","browser_name":"Chrome","os_device":"Computer","filter_field":[],"platform":"platforms.fusion","os_group":"Mac OS X"},"timestamp":1541857936381,"type":"response"}] to http://localhost:8764/api/apollo/query/rh_catalog/signals?commit=true&async=false 
07:52:16.427 [39mTRACE[0;39m [36mt.m.s.f.FusionSignalsMessageProducer[0;39m - Authenticating against Fusion with Basic auth 
07:52:18.016 [39mTRACE[0;39m [36mt.m.s.f.FusionSignalsMessageProducer[0;39m - Successfully posted a signal to http://localhost:8764/api/apollo/query/rh_catalog/signals?commit=true&async=false 
07:52:18.294 [39mDEBUG[0;39m [36mtwigkit.search.solr.SolrQueryAdapter[0;39m - Mapped Solr Query [start=0&rows=10&hl=true&q=*:*&facet=true&fl=*,score&username=anonymous&session=8e24a901-6b22-4c8b-a8aa-afdec1755689&spellcheck=true&spellcheck.collate=true&qt=/&q.op=OR] 
07:52:18.295 [39mDEBUG[0;39m [36mtwigkit.search.solr.HttpSolrPlatform[0;39m - Returning HTTP client for http://localhost:8764/api/apollo/query/rh_catalog 
07:52:18.476 [39mDEBUG[0;39m [36mtwigkit.search.solr.SolrPlatform[0;39m - Searching Solr with start=0&rows=10&hl=true&q=*:*&facet=true&fl=*,score&username=anonymous&session=8e24a901-6b22-4c8b-a8aa-afdec1755689&spellcheck=true&spellcheck.collate=true&qt=/&q.op=OR took 182 ms 
07:52:18.483 [34mINFO [0;39m [36mt.a.p.AddRuntimeInformationProcessor[0;39m - Configuration property twigkit.app-id is missing - add this in order to track activity across multiple applications 
07:52:18.498 [39mTRACE[0;39m [36mt.m.s.f.FusionSignalsMessageProducer[0;39m - Posting signal [{"id":"40d9a0f2-104b-49c2-8df1-ab3001af2a7c","params":{"user_id":"anonymous","session":"8e24a901-6b22-4c8b-a8aa-afdec1755689","browser_type":"Browser","os_manufacturer":"Apple Inc.","ctx_prev_uri":"/","query_object":"twigkit.model.Query@1affbe51","referrer":"http://localhost:8080/","page":1,"query":"","time":181,"filter":[],"ip_address":"0:0:0:0:0:0:0:1","ctx_prev_query":"","os_name":"Mac OS X","host":"Sanket’s-MacBook-Pro","hits":7247135,"user_token":"anon_h1tqb7ulnfuk13o21u5vvi1qh","ctx_prev_path":"/","app_id":"twigkit","os_id":"778","browser_version":"70.0.3538.77","browser_name":"Chrome","os_device":"Computer","filter_field":[],"platform":"platforms.fusion","os_group":"Mac OS X"},"timestamp":1541857938482,"type":"response"}] to http://localhost:8764/api/apollo/query/rh_catalog/signals?commit=true&async=false 
07:52:18.776 [39mTRACE[0;39m [36mt.m.s.f.FusionSignalsMessageProducer[0;39m - Authenticating against Fusion with Basic auth 
07:52:18.886 [39mTRACE[0;39m [36mt.m.s.f.FusionSignalsMessageProducer[0;39m - Successfully posted a signal to http://localhost:8764/api/apollo/query/rh_catalog/signals?commit=true&async=false 
07:52:30.444 [39mDEBUG[0;39m [36mtwigkit.search.solr.SolrQueryAdapter[0;39m - Mapped Solr Query [start=0&rows=10&hl=true&q=*:*&facet=true&fl=*,score&username=anonymous&session=8e24a901-6b22-4c8b-a8aa-afdec1755689&spellcheck=true&spellcheck.collate=true&qt=/&q.op=OR] 
07:52:30.445 [39mDEBUG[0;39m [36mtwigkit.search.solr.HttpSolrPlatform[0;39m - Returning HTTP client for http://localhost:8764/api/apollo/query/rh_catalog 
07:52:30.677 [39mDEBUG[0;39m [36mtwigkit.search.solr.SolrPlatform[0;39m - Searching Solr with start=0&rows=10&hl=true&q=*:*&facet=true&fl=*,score&username=anonymous&session=8e24a901-6b22-4c8b-a8aa-afdec1755689&spellcheck=true&spellcheck.collate=true&qt=/&q.op=OR took 232 ms 
07:52:30.688 [34mINFO [0;39m [36mt.a.p.AddRuntimeInformationProcessor[0;39m - Configuration property twigkit.app-id is missing - add this in order to track activity across multiple applications 
07:52:30.720 [39mTRACE[0;39m [36mt.m.s.f.FusionSignalsMessageProducer[0;39m - Posting signal [{"id":"fe480eac-53c0-43ea-951c-90b4533c8f44","params":{"user_id":"anonymous","session":"8e24a901-6b22-4c8b-a8aa-afdec1755689","browser_type":"Browser","os_manufacturer":"Apple Inc.","ctx_prev_uri":"/","query_object":"twigkit.model.Query@1affbe51","referrer":"http://localhost:8080/","page":1,"query":"","time":229,"filter":[],"ip_address":"0:0:0:0:0:0:0:1","ctx_prev_query":"","os_name":"Mac OS X","host":"Sanket’s-MacBook-Pro","hits":7247135,"user_token":"anon_h1tqb7ulnfuk13o21u5vvi1qh","ctx_prev_path":"/","app_id":"twigkit","os_id":"778","browser_version":"70.0.3538.77","browser_name":"Chrome","os_device":"Computer","filter_field":[],"platform":"platforms.fusion","os_group":"Mac OS X"},"timestamp":1541857950688,"type":"response"}] to http://localhost:8764/api/apollo/query/rh_catalog/signals?commit=true&async=false 
07:52:30.766 [39mTRACE[0;39m [36mt.m.s.f.FusionSignalsMessageProducer[0;39m - Authenticating against Fusion with Basic auth 
07:52:31.270 [39mTRACE[0;39m [36mt.m.s.f.FusionSignalsMessageProducer[0;39m - Successfully posted a signal to http://localhost:8764/api/apollo/query/rh_catalog/signals?commit=true&async=false 
07:57:58.329 [31mWARN [0;39m [36mtwigkit.ApplicationAlertSubscriber[0;39m - The license for Twigkit expires on: 30 Dec 2020 23:00:00 
